{"contracts/Greeter.sol":{"l":{"10":3,"11":3,"15":2,"19":1,"20":1},"path":"/Users/cooper/GitHub/Prigogine/learn_hardhat/contracts/Greeter.sol","s":{"1":3,"2":3,"3":2,"4":1,"5":1},"b":{},"f":{"1":3,"2":2,"3":1},"fnMap":{"1":{"name":"constructor","line":9,"loc":{"start":{"line":9,"column":4},"end":{"line":12,"column":4}}},"2":{"name":"greet","line":14,"loc":{"start":{"line":14,"column":4},"end":{"line":16,"column":4}}},"3":{"name":"setGreeting","line":18,"loc":{"start":{"line":18,"column":4},"end":{"line":21,"column":4}}}},"statementMap":{"1":{"start":{"line":10,"column":8},"end":{"line":10,"column":67}},"2":{"start":{"line":11,"column":8},"end":{"line":11,"column":27}},"3":{"start":{"line":15,"column":8},"end":{"line":15,"column":23}},"4":{"start":{"line":19,"column":8},"end":{"line":19,"column":78}},"5":{"start":{"line":20,"column":8},"end":{"line":20,"column":27}}},"branchMap":{}},"contracts/Token.sol":{"l":{"31":15,"32":15,"45":5,"46":5,"47":5,"50":4,"51":4,"61":9},"path":"/Users/cooper/GitHub/Prigogine/learn_hardhat/contracts/Token.sol","s":{"1":15,"2":15,"3":5,"4":5,"5":5,"6":4,"7":4,"8":9},"b":{"1":[4,1]},"f":{"1":15,"2":5,"3":9},"fnMap":{"1":{"name":"constructor","line":28,"loc":{"start":{"line":28,"column":4},"end":{"line":33,"column":4}}},"2":{"name":"transfer","line":41,"loc":{"start":{"line":41,"column":4},"end":{"line":52,"column":4}}},"3":{"name":"balanceOf","line":60,"loc":{"start":{"line":60,"column":4},"end":{"line":62,"column":4}}}},"statementMap":{"1":{"start":{"line":31,"column":8},"end":{"line":31,"column":41}},"2":{"start":{"line":32,"column":8},"end":{"line":32,"column":25}},"3":{"start":{"line":45,"column":8},"end":{"line":45,"column":71}},"4":{"start":{"line":46,"column":8},"end":{"line":46,"column":64}},"5":{"start":{"line":47,"column":8},"end":{"line":47,"column":67}},"6":{"start":{"line":50,"column":8},"end":{"line":50,"column":37}},"7":{"start":{"line":51,"column":8},"end":{"line":51,"column":29}},"8":{"start":{"line":61,"column":8},"end":{"line":61,"column":32}}},"branchMap":{"1":{"line":47,"type":"if","locations":[{"start":{"line":47,"column":8},"end":{"line":47,"column":8}},{"start":{"line":47,"column":8},"end":{"line":47,"column":8}}]}}}}